<?xml version="1.0" encoding="UTF-8"?>
<!-- Generated by org.testng.reporters.JUnitReportReporter -->
<testsuite hostname="RAKHIMOL" failures="0" tests="1" name="testscript.ManageNewsPageTest" time="39.553" errors="0" timestamp="2025-07-17T18:20:07 IST" skipped="0">
  <testcase classname="testscript.ManageNewsPageTest" name="isAbleToCreatNewNewsInfo" time="39.553"/>
</testsuite> <!-- testscript.ManageNewsPageTest -->
