<?xml version="1.0" encoding="UTF-8"?>
<!-- Generated by org.testng.reporters.JUnitReportReporter -->
<testsuite hostname="DESKTOP-6B1E53T" failures="0" tests="1" name="testscript.AdminUsersPageTest" time="12.963" errors="0" timestamp="2025-07-16T18:46:43 IST" skipped="0">
  <testcase classname="testscript.AdminUsersPageTest" name="createNewUser" time="12.963"/>
</testsuite> <!-- testscript.AdminUsersPageTest -->
