<?xml version="1.0" encoding="UTF-8"?>
<!-- Generated by org.testng.reporters.JUnitReportReporter -->
<testsuite hostname="DESKTOP-6B1E53T" failures="0" tests="1" name="testscripts.LoginPageTest" time="7.640" errors="0" timestamp="2025-07-28T11:22:14 IST" skipped="0">
  <testcase classname="testscripts.LoginPageTest" name="verifyUserAbleToLoginWithInvalidUserAndValidPassword" time="7.640"/>
</testsuite> <!-- testscripts.LoginPageTest -->
