<?xml version="1.0" encoding="UTF-8"?>
<!-- Generated by org.testng.reporters.JUnitReportReporter -->
<testsuite hostname="DESKTOP-6B1E53T" failures="0" tests="1" name="testscripts.AdminUsersPageTest" time="6.243" errors="0" timestamp="2025-07-28T15:43:14 IST" skipped="0">
  <testcase classname="testscripts.AdminUsersPageTest" name="changeStatusOfUser" time="6.243"/>
</testsuite> <!-- testscripts.AdminUsersPageTest -->
