<?xml version="1.0" encoding="UTF-8"?>
<!-- Generated by org.testng.reporters.JUnitReportReporter -->
<testsuite hostname="RAKHIMOL" failures="0" tests="2" name="testngcode.TestngFirstProgram" time="0.034" errors="0" timestamp="2025-07-13T16:37:29 IST" skipped="0">
  <testcase classname="testngcode.TestngFirstProgram" name="secondMethod" time="0.031"/>
  <testcase classname="testngcode.TestngFirstProgram" name="firstMethod" time="0.003"/>
</testsuite> <!-- testngcode.TestngFirstProgram -->
