<?xml version="1.0" encoding="UTF-8"?>
<!-- Generated by org.testng.reporters.JUnitReportReporter -->
<testsuite hostname="RAKHIMOL" failures="0" tests="1" name="testngcode.NewTest" time="0.024" errors="0" timestamp="2025-07-13T20:26:28 IST" skipped="0">
  <testcase classname="testngcode.NewTest" name="f" time="0.024"/>
</testsuite> <!-- testngcode.NewTest -->
