<?xml version="1.0" encoding="UTF-8"?>
<!-- Generated by org.testng.reporters.JUnitReportReporter -->
<testsuite hostname="RAKHIMOL" failures="0" tests="1" name="demoproject.LoginPageTest" time="112.693" errors="0" timestamp="2025-07-13T21:02:12 IST" skipped="0">
  <testcase classname="demoproject.LoginPageTest" name="verifyUserCanAbleToLogin" time="112.693"/>
</testsuite> <!-- demoproject.LoginPageTest -->
