<?xml version="1.0" encoding="UTF-8"?>
<!-- Generated by org.testng.reporters.JUnitReportReporter -->
<testsuite hostname="RAKHIMOL" failures="0" tests="3" name="testngcode.Annotations" time="0.065" errors="0" timestamp="2025-07-13T19:57:23 IST" skipped="0">
  <testcase classname="testngcode.Annotations" name="f" time="0.029"/>
  <testcase classname="testngcode.Annotations" name="showName" time="0.016"/>
  <testcase classname="testngcode.Annotations" name="display" time="0.020"/>
</testsuite> <!-- testngcode.Annotations -->
